<?xml version="1.0" encoding="UTF-8"?>
<!-- Generated by org.testng.reporters.JUnitReportReporter -->
<testsuite hostname="pnt123" name="CnnHome" tests="1" failures="0" timestamp="28 Dec 2013 01:20:55 GMT" time="9.095" errors="0">
  <testcase name="home" time="9.095" classname="CnnHome"/>
</testsuite> <!-- CnnHome -->
